
Program State 
Execution Stack = 
new(v, 20)
print(rH(v))
wH(v, 30)
print(rH(v)+5)
Ref(integer) v

Symbol Table = 


Output = 


Initial program = 
Ref(integer) v ; new(v, 20) ; print(rH(v)) ; wH(v, 30) ; print(rH(v)+5)

File table = 


Heap = 
{}


Program State 
Execution Stack = 
new(v, 20)
print(rH(v))
wH(v, 30)
print(rH(v)+5)


Symbol Table = 
v=(0, integer)


Output = 


Initial program = 
Ref(integer) v ; new(v, 20) ; print(rH(v)) ; wH(v, 30) ; print(rH(v)+5)

File table = 


Heap = 
{}


Program State 
Execution Stack = 
print(rH(v))
wH(v, 30)
print(rH(v)+5)
new(v, 20)

Symbol Table = 
v=(0, integer)


Output = 


Initial program = 
Ref(integer) v ; new(v, 20) ; print(rH(v)) ; wH(v, 30) ; print(rH(v)+5)

File table = 


Heap = 
{}


Program State 
Execution Stack = 
print(rH(v))
wH(v, 30)
print(rH(v)+5)


Symbol Table = 
v=(1, integer)


Output = 


Initial program = 
Ref(integer) v ; new(v, 20) ; print(rH(v)) ; wH(v, 30) ; print(rH(v)+5)

File table = 


Heap = 
{1=20}


Program State 
Execution Stack = 
wH(v, 30)
print(rH(v)+5)
print(rH(v))

Symbol Table = 
v=(1, integer)


Output = 


Initial program = 
Ref(integer) v ; new(v, 20) ; print(rH(v)) ; wH(v, 30) ; print(rH(v)+5)

File table = 


Heap = 
{1=20}


Program State 
Execution Stack = 
wH(v, 30)
print(rH(v)+5)


Symbol Table = 
v=(1, integer)


Output = 
20


Initial program = 
Ref(integer) v ; new(v, 20) ; print(rH(v)) ; wH(v, 30) ; print(rH(v)+5)

File table = 


Heap = 
{1=20}


Program State 
Execution Stack = 
print(rH(v)+5)wH(v, 30)

Symbol Table = 
v=(1, integer)


Output = 
20


Initial program = 
Ref(integer) v ; new(v, 20) ; print(rH(v)) ; wH(v, 30) ; print(rH(v)+5)

File table = 


Heap = 
{1=20}


Program State 
Execution Stack = 
print(rH(v)+5)

Symbol Table = 
v=(1, integer)


Output = 
20


Initial program = 
Ref(integer) v ; new(v, 20) ; print(rH(v)) ; wH(v, 30) ; print(rH(v)+5)

File table = 


Heap = 
{1=30}


Program State 
Execution Stack = 


Symbol Table = 
v=(1, integer)


Output = 
20
35


Initial program = 
Ref(integer) v ; new(v, 20) ; print(rH(v)) ; wH(v, 30) ; print(rH(v)+5)

File table = 


Heap = 
{1=30}


Program State 
Execution Stack = 
new(v, 20)
print(rH(v))
wH(v, 30)
print(rH(v)+5)
Ref(integer) v

Symbol Table = 


Output = 


Initial program = 
Ref(integer) v ; new(v, 20) ; print(rH(v)) ; wH(v, 30) ; print(rH(v)+5)

File table = 


Heap = 
{}


Program State 
Execution Stack = 
new(v, 20)
print(rH(v))
wH(v, 30)
print(rH(v)+5)


Symbol Table = 
v=(0, integer)


Output = 


Initial program = 
Ref(integer) v ; new(v, 20) ; print(rH(v)) ; wH(v, 30) ; print(rH(v)+5)

File table = 


Heap = 
{}


Program State 
Execution Stack = 
print(rH(v))
wH(v, 30)
print(rH(v)+5)
new(v, 20)

Symbol Table = 
v=(0, integer)


Output = 


Initial program = 
Ref(integer) v ; new(v, 20) ; print(rH(v)) ; wH(v, 30) ; print(rH(v)+5)

File table = 


Heap = 
{}


Program State 
Execution Stack = 
print(rH(v))
wH(v, 30)
print(rH(v)+5)


Symbol Table = 
v=(1, integer)


Output = 


Initial program = 
Ref(integer) v ; new(v, 20) ; print(rH(v)) ; wH(v, 30) ; print(rH(v)+5)

File table = 


Heap = 
{1=20}


Program State 
Execution Stack = 
wH(v, 30)
print(rH(v)+5)
print(rH(v))

Symbol Table = 
v=(1, integer)


Output = 


Initial program = 
Ref(integer) v ; new(v, 20) ; print(rH(v)) ; wH(v, 30) ; print(rH(v)+5)

File table = 


Heap = 
{1=20}


Program State 
Execution Stack = 
wH(v, 30)
print(rH(v)+5)


Symbol Table = 
v=(1, integer)


Output = 
20


Initial program = 
Ref(integer) v ; new(v, 20) ; print(rH(v)) ; wH(v, 30) ; print(rH(v)+5)

File table = 


Heap = 
{1=20}


Program State 
Execution Stack = 
print(rH(v)+5)wH(v, 30)

Symbol Table = 
v=(1, integer)


Output = 
20


Initial program = 
Ref(integer) v ; new(v, 20) ; print(rH(v)) ; wH(v, 30) ; print(rH(v)+5)

File table = 


Heap = 
{1=20}


Program State 
Execution Stack = 
print(rH(v)+5)

Symbol Table = 
v=(1, integer)


Output = 
20


Initial program = 
Ref(integer) v ; new(v, 20) ; print(rH(v)) ; wH(v, 30) ; print(rH(v)+5)

File table = 


Heap = 
{1=30}


Program State 
Execution Stack = 


Symbol Table = 
v=(1, integer)


Output = 
20
35


Initial program = 
Ref(integer) v ; new(v, 20) ; print(rH(v)) ; wH(v, 30) ; print(rH(v)+5)

File table = 


Heap = 
{1=30}


Program State 
Execution Stack = 
new(v, 20)
print(rH(v))
wH(v, 30)
print(rH(v)+5)
Ref(integer) v

Symbol Table = 


Output = 


Initial program = 
Ref(integer) v ; new(v, 20) ; print(rH(v)) ; wH(v, 30) ; print(rH(v)+5)

File table = 


Heap = 
{}


Program State 
Execution Stack = 
new(v, 20)
print(rH(v))
wH(v, 30)
print(rH(v)+5)


Symbol Table = 
v=(0, integer)


Output = 


Initial program = 
Ref(integer) v ; new(v, 20) ; print(rH(v)) ; wH(v, 30) ; print(rH(v)+5)

File table = 


Heap = 
{}


Program State 
Execution Stack = 
print(rH(v))
wH(v, 30)
print(rH(v)+5)
new(v, 20)

Symbol Table = 
v=(0, integer)


Output = 


Initial program = 
Ref(integer) v ; new(v, 20) ; print(rH(v)) ; wH(v, 30) ; print(rH(v)+5)

File table = 


Heap = 
{}


Program State 
Execution Stack = 
print(rH(v))
wH(v, 30)
print(rH(v)+5)


Symbol Table = 
v=(1, integer)


Output = 


Initial program = 
Ref(integer) v ; new(v, 20) ; print(rH(v)) ; wH(v, 30) ; print(rH(v)+5)

File table = 


Heap = 
{1=20}


Program State 
Execution Stack = 
wH(v, 30)
print(rH(v)+5)
print(rH(v))

Symbol Table = 
v=(1, integer)


Output = 


Initial program = 
Ref(integer) v ; new(v, 20) ; print(rH(v)) ; wH(v, 30) ; print(rH(v)+5)

File table = 


Heap = 
{1=20}


Program State 
Execution Stack = 
wH(v, 30)
print(rH(v)+5)


Symbol Table = 
v=(1, integer)


Output = 
20


Initial program = 
Ref(integer) v ; new(v, 20) ; print(rH(v)) ; wH(v, 30) ; print(rH(v)+5)

File table = 


Heap = 
{1=20}


Program State 
Execution Stack = 
print(rH(v)+5)wH(v, 30)

Symbol Table = 
v=(1, integer)


Output = 
20


Initial program = 
Ref(integer) v ; new(v, 20) ; print(rH(v)) ; wH(v, 30) ; print(rH(v)+5)

File table = 


Heap = 
{1=20}


Program State 
Execution Stack = 
print(rH(v)+5)

Symbol Table = 
v=(1, integer)


Output = 
20


Initial program = 
Ref(integer) v ; new(v, 20) ; print(rH(v)) ; wH(v, 30) ; print(rH(v)+5)

File table = 


Heap = 
{1=30}


Program State 
Execution Stack = 


Symbol Table = 
v=(1, integer)


Output = 
20
35


Initial program = 
Ref(integer) v ; new(v, 20) ; print(rH(v)) ; wH(v, 30) ; print(rH(v)+5)

File table = 


Heap = 
{1=30}

